app/build/intermediates/manifest_merge_blame_file/debug/processDebugMainManifest/manifest-merger-blame-debug-report.txt
1<?xml version="1.0" encoding="utf-8"?>
2<manifest xmlns:android="http://schemas.android.com/apk/res/android"
3    package="com.example.localllmapp"
4    android:versionCode="1"
5    android:versionName="1.0" >
6
7    <uses-sdk
8        android:minSdkVersion="34"
9        android:targetSdkVersion="35" />
10
11    <uses-permission android:name="android.permission.INTERNET" />
11-->[com.google.firebase:firebase-auth:23.2.1] AndroidManifest.xml:25:5-67
11-->[com.google.firebase:firebase-auth:23.2.1] AndroidManifest.xml:25:22-64
12    <uses-permission android:name="android.permission.ACCESS_NETWORK_STATE" />
12-->[com.google.firebase:firebase-auth:23.2.1] AndroidManifest.xml:26:5-79
12-->[com.google.firebase:firebase-auth:23.2.1] AndroidManifest.xml:26:22-76
13    <uses-permission android:name="android.permission.WAKE_LOCK" />
13-->[com.google.android.gms:play-services-measurement:22.4.0] AndroidManifest.xml:25:5-68
13-->[com.google.android.gms:play-services-measurement:22.4.0] AndroidManifest.xml:25:22-65
14    <uses-permission android:name="com.google.android.finsky.permission.BIND_GET_INSTALL_REFERRER_SERVICE" />
14-->[com.google.android.gms:play-services-measurement:22.4.0] AndroidManifest.xml:26:5-110
14-->[com.google.android.gms:play-services-measurement:22.4.0] AndroidManifest.xml:26:22-107
15    <uses-permission android:name="com.google.android.gms.permission.AD_ID" />
15-->[com.google.android.gms:play-services-measurement-impl:22.4.0] AndroidManifest.xml:27:5-79
15-->[com.google.android.gms:play-services-measurement-impl:22.4.0] AndroidManifest.xml:27:22-76
16    <uses-permission android:name="android.permission.ACCESS_ADSERVICES_ATTRIBUTION" />
16-->[com.google.android.gms:play-services-measurement-api:22.4.0] AndroidManifest.xml:26:5-88
16-->[com.google.android.gms:play-services-measurement-api:22.4.0] AndroidManifest.xml:26:22-85
17    <uses-permission android:name="android.permission.ACCESS_ADSERVICES_AD_ID" />
17-->[com.google.android.gms:play-services-measurement-api:22.4.0] AndroidManifest.xml:27:5-82
17-->[com.google.android.gms:play-services-measurement-api:22.4.0] AndroidManifest.xml:27:22-79
18    <uses-permission android:name="com.google.android.providers.gsf.permission.READ_GSERVICES" />
18-->[com.google.android.recaptcha:recaptcha:18.6.1] AndroidManifest.xml:9:5-98
18-->[com.google.android.recaptcha:recaptcha:18.6.1] AndroidManifest.xml:9:22-95
19
20    <permission
20-->[androidx.core:core:1.16.0] AndroidManifest.xml:22:5-24:47
21        android:name="com.example.localllmapp.DYNAMIC_RECEIVER_NOT_EXPORTED_PERMISSION"
21-->[androidx.core:core:1.16.0] AndroidManifest.xml:23:9-81
22        android:protectionLevel="signature" />
22-->[androidx.core:core:1.16.0] AndroidManifest.xml:24:9-44
23
24    <uses-permission android:name="com.example.localllmapp.DYNAMIC_RECEIVER_NOT_EXPORTED_PERMISSION" />
24-->[androidx.core:core:1.16.0] AndroidManifest.xml:26:5-97
24-->[androidx.core:core:1.16.0] AndroidManifest.xml:26:22-94
25
26    <application
26-->src\main\AndroidManifest.xml:5:5-39:19
27        android:allowBackup="true"
27-->src\main\AndroidManifest.xml:6:9-35
28        android:appComponentFactory="androidx.core.app.CoreComponentFactory"
28-->[androidx.core:core:1.16.0] AndroidManifest.xml:28:18-86
29        android:dataExtractionRules="@xml/data_extraction_rules"
29-->src\main\AndroidManifest.xml:7:9-65
30        android:debuggable="true"
31        android:extractNativeLibs="false"
32        android:fullBackupContent="@xml/backup_rules"
32-->src\main\AndroidManifest.xml:8:9-54
33        android:icon="@mipmap/ic_launcher"
33-->src\main\AndroidManifest.xml:9:9-43
34        android:label="@string/app_name"
34-->src\main\AndroidManifest.xml:10:9-41
35        android:roundIcon="@mipmap/ic_launcher_round"
35-->src\main\AndroidManifest.xml:11:9-54
36        android:supportsRtl="true"
36-->src\main\AndroidManifest.xml:12:9-35
37        android:testOnly="true"
38        android:theme="@style/Theme.LocalLLMApp" >
38-->src\main\AndroidManifest.xml:13:9-49
39
40        <!-- LoginActivity as launcher -->
41        <activity
41-->src\main\AndroidManifest.xml:17:9-26:20
42            android:name="com.example.localllmapp.LoginActivity"
42-->src\main\AndroidManifest.xml:18:13-42
43            android:exported="true"
43-->src\main\AndroidManifest.xml:19:13-36
44            android:label="@string/app_name"
44-->src\main\AndroidManifest.xml:20:13-45
45            android:theme="@style/Theme.AppCompat.Light.NoActionBar" >
45-->src\main\AndroidManifest.xml:21:13-69
46            <intent-filter>
46-->src\main\AndroidManifest.xml:22:13-25:29
47                <action android:name="android.intent.action.MAIN" />
47-->src\main\AndroidManifest.xml:23:17-69
47-->src\main\AndroidManifest.xml:23:25-66
48
49                <category android:name="android.intent.category.LAUNCHER" />
49-->src\main\AndroidManifest.xml:24:17-77
49-->src\main\AndroidManifest.xml:24:27-74
50            </intent-filter>
51        </activity>
52        <activity android:name="com.example.localllmapp.ModelSelectionActivity" />
52-->src\main\AndroidManifest.xml:28:9-60
52-->src\main\AndroidManifest.xml:28:19-57
53        <activity android:name="com.example.localllmapp.InstructionModelActivity" />
53-->src\main\AndroidManifest.xml:29:9-62
53-->src\main\AndroidManifest.xml:29:19-59
54        <activity android:name="com.example.localllmapp.MultiModalActivity" />
54-->src\main\AndroidManifest.xml:30:9-56
54-->src\main\AndroidManifest.xml:30:19-53
55
56        <!-- Main screen with LLM after login -->
57        <activity
57-->src\main\AndroidManifest.xml:34:9-38:56
58            android:name="com.example.localllmapp.MainActivity"
58-->src\main\AndroidManifest.xml:35:13-41
59            android:exported="true"
59-->src\main\AndroidManifest.xml:36:13-36
60            android:label="@string/app_name"
60-->src\main\AndroidManifest.xml:37:13-45
61            android:theme="@style/Theme.LocalLLMApp" />
61-->src\main\AndroidManifest.xml:38:13-53
62
63        <service
63-->[com.google.firebase:firebase-auth-ktx:23.2.1] AndroidManifest.xml:8:9-14:19
64            android:name="com.google.firebase.components.ComponentDiscoveryService"
64-->[com.google.firebase:firebase-auth-ktx:23.2.1] AndroidManifest.xml:9:13-84
65            android:directBootAware="true"
65-->[com.google.firebase:firebase-common:21.0.0] AndroidManifest.xml:32:13-43
66            android:exported="false" >
66-->[com.google.firebase:firebase-auth-ktx:23.2.1] AndroidManifest.xml:10:13-37
67            <meta-data
67-->[com.google.firebase:firebase-auth-ktx:23.2.1] AndroidManifest.xml:11:13-13:85
68                android:name="com.google.firebase.components:com.google.firebase.auth.ktx.FirebaseAuthLegacyRegistrar"
68-->[com.google.firebase:firebase-auth-ktx:23.2.1] AndroidManifest.xml:12:17-119
69                android:value="com.google.firebase.components.ComponentRegistrar" />
69-->[com.google.firebase:firebase-auth-ktx:23.2.1] AndroidManifest.xml:13:17-82
70            <meta-data
70-->[com.google.firebase:firebase-auth:23.2.1] AndroidManifest.xml:69:13-71:85
71                android:name="com.google.firebase.components:com.google.firebase.auth.FirebaseAuthRegistrar"
71-->[com.google.firebase:firebase-auth:23.2.1] AndroidManifest.xml:70:17-109
72                android:value="com.google.firebase.components.ComponentRegistrar" />
72-->[com.google.firebase:firebase-auth:23.2.1] AndroidManifest.xml:71:17-82
73            <meta-data
73-->[com.google.android.gms:play-services-measurement-api:22.4.0] AndroidManifest.xml:33:13-35:85
74                android:name="com.google.firebase.components:com.google.firebase.analytics.connector.internal.AnalyticsConnectorRegistrar"
74-->[com.google.android.gms:play-services-measurement-api:22.4.0] AndroidManifest.xml:34:17-139
75                android:value="com.google.firebase.components.ComponentRegistrar" />
75-->[com.google.android.gms:play-services-measurement-api:22.4.0] AndroidManifest.xml:35:17-82
76            <meta-data
76-->[com.google.firebase:firebase-installations:18.0.0] AndroidManifest.xml:15:13-17:85
77                android:name="com.google.firebase.components:com.google.firebase.installations.FirebaseInstallationsKtxRegistrar"
77-->[com.google.firebase:firebase-installations:18.0.0] AndroidManifest.xml:16:17-130
78                android:value="com.google.firebase.components.ComponentRegistrar" />
78-->[com.google.firebase:firebase-installations:18.0.0] AndroidManifest.xml:17:17-82
79            <meta-data
79-->[com.google.firebase:firebase-installations:18.0.0] AndroidManifest.xml:18:13-20:85
80                android:name="com.google.firebase.components:com.google.firebase.installations.FirebaseInstallationsRegistrar"
80-->[com.google.firebase:firebase-installations:18.0.0] AndroidManifest.xml:19:17-127
81                android:value="com.google.firebase.components.ComponentRegistrar" />
81-->[com.google.firebase:firebase-installations:18.0.0] AndroidManifest.xml:20:17-82
82            <meta-data
82-->[com.google.firebase:firebase-common-ktx:21.0.0] AndroidManifest.xml:12:13-14:85
83                android:name="com.google.firebase.components:com.google.firebase.ktx.FirebaseCommonLegacyRegistrar"
83-->[com.google.firebase:firebase-common-ktx:21.0.0] AndroidManifest.xml:13:17-116
84                android:value="com.google.firebase.components.ComponentRegistrar" />
84-->[com.google.firebase:firebase-common-ktx:21.0.0] AndroidManifest.xml:14:17-82
85            <meta-data
85-->[com.google.firebase:firebase-common:21.0.0] AndroidManifest.xml:35:13-37:85
86                android:name="com.google.firebase.components:com.google.firebase.FirebaseCommonKtxRegistrar"
86-->[com.google.firebase:firebase-common:21.0.0] AndroidManifest.xml:36:17-109
87                android:value="com.google.firebase.components.ComponentRegistrar" />
87-->[com.google.firebase:firebase-common:21.0.0] AndroidManifest.xml:37:17-82
88        </service>
89
90        <activity
90-->[androidx.compose.ui:ui-tooling-android:1.7.0] AndroidManifest.xml:23:9-25:39
91            android:name="androidx.compose.ui.tooling.PreviewActivity"
91-->[androidx.compose.ui:ui-tooling-android:1.7.0] AndroidManifest.xml:24:13-71
92            android:exported="true" />
92-->[androidx.compose.ui:ui-tooling-android:1.7.0] AndroidManifest.xml:25:13-36
93        <activity
93-->[androidx.compose.ui:ui-test-manifest:1.7.0] AndroidManifest.xml:23:9-25:39
94            android:name="androidx.activity.ComponentActivity"
94-->[androidx.compose.ui:ui-test-manifest:1.7.0] AndroidManifest.xml:24:13-63
95            android:exported="true" />
95-->[androidx.compose.ui:ui-test-manifest:1.7.0] AndroidManifest.xml:25:13-36
96        <activity
96-->[com.google.firebase:firebase-auth:23.2.1] AndroidManifest.xml:29:9-46:20
97            android:name="com.google.firebase.auth.internal.GenericIdpActivity"
97-->[com.google.firebase:firebase-auth:23.2.1] AndroidManifest.xml:30:13-80
98            android:excludeFromRecents="true"
98-->[com.google.firebase:firebase-auth:23.2.1] AndroidManifest.xml:31:13-46
99            android:exported="true"
99-->[com.google.firebase:firebase-auth:23.2.1] AndroidManifest.xml:32:13-36
100            android:launchMode="singleTask"
100-->[com.google.firebase:firebase-auth:23.2.1] AndroidManifest.xml:33:13-44
101            android:theme="@android:style/Theme.Translucent.NoTitleBar" >
101-->[com.google.firebase:firebase-auth:23.2.1] AndroidManifest.xml:34:13-72
102            <intent-filter>
102-->[com.google.firebase:firebase-auth:23.2.1] AndroidManifest.xml:35:13-45:29
103                <action android:name="android.intent.action.VIEW" />
103-->[com.google.firebase:firebase-auth:23.2.1] AndroidManifest.xml:36:17-69
103-->[com.google.firebase:firebase-auth:23.2.1] AndroidManifest.xml:36:25-66
104
105                <category android:name="android.intent.category.DEFAULT" />
105-->[com.google.firebase:firebase-auth:23.2.1] AndroidManifest.xml:38:17-76
105-->[com.google.firebase:firebase-auth:23.2.1] AndroidManifest.xml:38:27-73
106                <category android:name="android.intent.category.BROWSABLE" />
106-->[com.google.firebase:firebase-auth:23.2.1] AndroidManifest.xml:39:17-78
106-->[com.google.firebase:firebase-auth:23.2.1] AndroidManifest.xml:39:27-75
107
108                <data
108-->[com.google.firebase:firebase-auth:23.2.1] AndroidManifest.xml:41:17-44:51
109                    android:host="firebase.auth"
109-->[com.google.firebase:firebase-auth:23.2.1] AndroidManifest.xml:42:21-49
110                    android:path="/"
110-->[com.google.firebase:firebase-auth:23.2.1] AndroidManifest.xml:43:21-37
111                    android:scheme="genericidp" />
111-->[com.google.firebase:firebase-auth:23.2.1] AndroidManifest.xml:44:21-48
112            </intent-filter>
113        </activity>
114        <activity
114-->[com.google.firebase:firebase-auth:23.2.1] AndroidManifest.xml:47:9-64:20
115            android:name="com.google.firebase.auth.internal.RecaptchaActivity"
115-->[com.google.firebase:firebase-auth:23.2.1] AndroidManifest.xml:48:13-79
116            android:excludeFromRecents="true"
116-->[com.google.firebase:firebase-auth:23.2.1] AndroidManifest.xml:49:13-46
117            android:exported="true"
117-->[com.google.firebase:firebase-auth:23.2.1] AndroidManifest.xml:50:13-36
118            android:launchMode="singleTask"
118-->[com.google.firebase:firebase-auth:23.2.1] AndroidManifest.xml:51:13-44
119            android:theme="@android:style/Theme.Translucent.NoTitleBar" >
119-->[com.google.firebase:firebase-auth:23.2.1] AndroidManifest.xml:52:13-72
120            <intent-filter>
120-->[com.google.firebase:firebase-auth:23.2.1] AndroidManifest.xml:53:13-63:29
121                <action android:name="android.intent.action.VIEW" />
121-->[com.google.firebase:firebase-auth:23.2.1] AndroidManifest.xml:36:17-69
121-->[com.google.firebase:firebase-auth:23.2.1] AndroidManifest.xml:36:25-66
122
123                <category android:name="android.intent.category.DEFAULT" />
123-->[com.google.firebase:firebase-auth:23.2.1] AndroidManifest.xml:38:17-76
123-->[com.google.firebase:firebase-auth:23.2.1] AndroidManifest.xml:38:27-73
124                <category android:name="android.intent.category.BROWSABLE" />
124-->[com.google.firebase:firebase-auth:23.2.1] AndroidManifest.xml:39:17-78
124-->[com.google.firebase:firebase-auth:23.2.1] AndroidManifest.xml:39:27-75
125
126                <data
126-->[com.google.firebase:firebase-auth:23.2.1] AndroidManifest.xml:41:17-44:51
127                    android:host="firebase.auth"
127-->[com.google.firebase:firebase-auth:23.2.1] AndroidManifest.xml:42:21-49
128                    android:path="/"
128-->[com.google.firebase:firebase-auth:23.2.1] AndroidManifest.xml:43:21-37
129                    android:scheme="recaptcha" />
129-->[com.google.firebase:firebase-auth:23.2.1] AndroidManifest.xml:44:21-48
130            </intent-filter>
131        </activity>
132
133        <service
133-->[androidx.credentials:credentials-play-services-auth:1.2.0-rc01] AndroidManifest.xml:24:9-32:19
134            android:name="androidx.credentials.playservices.CredentialProviderMetadataHolder"
134-->[androidx.credentials:credentials-play-services-auth:1.2.0-rc01] AndroidManifest.xml:25:13-94
135            android:enabled="true"
135-->[androidx.credentials:credentials-play-services-auth:1.2.0-rc01] AndroidManifest.xml:26:13-35
136            android:exported="false" >
136-->[androidx.credentials:credentials-play-services-auth:1.2.0-rc01] AndroidManifest.xml:27:13-37
137            <meta-data
137-->[androidx.credentials:credentials-play-services-auth:1.2.0-rc01] AndroidManifest.xml:29:13-31:104
138                android:name="androidx.credentials.CREDENTIAL_PROVIDER_KEY"
138-->[androidx.credentials:credentials-play-services-auth:1.2.0-rc01] AndroidManifest.xml:30:17-76
139                android:value="androidx.credentials.playservices.CredentialProviderPlayServicesImpl" />
139-->[androidx.credentials:credentials-play-services-auth:1.2.0-rc01] AndroidManifest.xml:31:17-101
140        </service>
141
142        <activity
142-->[androidx.credentials:credentials-play-services-auth:1.2.0-rc01] AndroidManifest.xml:34:9-41:20
143            android:name="androidx.credentials.playservices.HiddenActivity"
143-->[androidx.credentials:credentials-play-services-auth:1.2.0-rc01] AndroidManifest.xml:35:13-76
144            android:configChanges="orientation|screenSize|screenLayout|keyboardHidden"
144-->[androidx.credentials:credentials-play-services-auth:1.2.0-rc01] AndroidManifest.xml:36:13-87
145            android:enabled="true"
145-->[androidx.credentials:credentials-play-services-auth:1.2.0-rc01] AndroidManifest.xml:37:13-35
146            android:exported="false"
146-->[androidx.credentials:credentials-play-services-auth:1.2.0-rc01] AndroidManifest.xml:38:13-37
147            android:fitsSystemWindows="true"
147-->[androidx.credentials:credentials-play-services-auth:1.2.0-rc01] AndroidManifest.xml:39:13-45
148            android:theme="@style/Theme.Hidden" >
148-->[androidx.credentials:credentials-play-services-auth:1.2.0-rc01] AndroidManifest.xml:40:13-48
149        </activity>
150        <activity
150-->[com.google.android.gms:play-services-auth:21.3.0] AndroidManifest.xml:23:9-27:75
151            android:name="com.google.android.gms.auth.api.signin.internal.SignInHubActivity"
151-->[com.google.android.gms:play-services-auth:21.3.0] AndroidManifest.xml:24:13-93
152            android:excludeFromRecents="true"
152-->[com.google.android.gms:play-services-auth:21.3.0] AndroidManifest.xml:25:13-46
153            android:exported="false"
153-->[com.google.android.gms:play-services-auth:21.3.0] AndroidManifest.xml:26:13-37
154            android:theme="@android:style/Theme.Translucent.NoTitleBar" />
154-->[com.google.android.gms:play-services-auth:21.3.0] AndroidManifest.xml:27:13-72
155        <!--
156            Service handling Google Sign-In user revocation. For apps that do not integrate with
157            Google Sign-In, this service will never be started.
158        -->
159        <service
159-->[com.google.android.gms:play-services-auth:21.3.0] AndroidManifest.xml:33:9-37:51
160            android:name="com.google.android.gms.auth.api.signin.RevocationBoundService"
160-->[com.google.android.gms:play-services-auth:21.3.0] AndroidManifest.xml:34:13-89
161            android:exported="true"
161-->[com.google.android.gms:play-services-auth:21.3.0] AndroidManifest.xml:35:13-36
162            android:permission="com.google.android.gms.auth.api.signin.permission.REVOCATION_NOTIFICATION"
162-->[com.google.android.gms:play-services-auth:21.3.0] AndroidManifest.xml:36:13-107
163            android:visibleToInstantApps="true" />
163-->[com.google.android.gms:play-services-auth:21.3.0] AndroidManifest.xml:37:13-48
164
165        <receiver
165-->[com.google.android.gms:play-services-measurement:22.4.0] AndroidManifest.xml:29:9-33:20
166            android:name="com.google.android.gms.measurement.AppMeasurementReceiver"
166-->[com.google.android.gms:play-services-measurement:22.4.0] AndroidManifest.xml:30:13-85
167            android:enabled="true"
167-->[com.google.android.gms:play-services-measurement:22.4.0] AndroidManifest.xml:31:13-35
168            android:exported="false" >
168-->[com.google.android.gms:play-services-measurement:22.4.0] AndroidManifest.xml:32:13-37
169        </receiver>
170
171        <service
171-->[com.google.android.gms:play-services-measurement:22.4.0] AndroidManifest.xml:35:9-38:40
172            android:name="com.google.android.gms.measurement.AppMeasurementService"
172-->[com.google.android.gms:play-services-measurement:22.4.0] AndroidManifest.xml:36:13-84
173            android:enabled="true"
173-->[com.google.android.gms:play-services-measurement:22.4.0] AndroidManifest.xml:37:13-35
174            android:exported="false" />
174-->[com.google.android.gms:play-services-measurement:22.4.0] AndroidManifest.xml:38:13-37
175        <service
175-->[com.google.android.gms:play-services-measurement:22.4.0] AndroidManifest.xml:39:9-43:72
176            android:name="com.google.android.gms.measurement.AppMeasurementJobService"
176-->[com.google.android.gms:play-services-measurement:22.4.0] AndroidManifest.xml:40:13-87
177            android:enabled="true"
177-->[com.google.android.gms:play-services-measurement:22.4.0] AndroidManifest.xml:41:13-35
178            android:exported="false"
178-->[com.google.android.gms:play-services-measurement:22.4.0] AndroidManifest.xml:42:13-37
179            android:permission="android.permission.BIND_JOB_SERVICE" />
179-->[com.google.android.gms:play-services-measurement:22.4.0] AndroidManifest.xml:43:13-69
180
181        <activity
181-->[com.google.android.gms:play-services-base:18.5.0] AndroidManifest.xml:5:9-173
182            android:name="com.google.android.gms.common.api.GoogleApiActivity"
182-->[com.google.android.gms:play-services-base:18.5.0] AndroidManifest.xml:5:19-85
183            android:exported="false"
183-->[com.google.android.gms:play-services-base:18.5.0] AndroidManifest.xml:5:146-170
184            android:theme="@android:style/Theme.Translucent.NoTitleBar" />
184-->[com.google.android.gms:play-services-base:18.5.0] AndroidManifest.xml:5:86-145
185
186        <provider
186-->[com.google.firebase:firebase-common:21.0.0] AndroidManifest.xml:23:9-28:39
187            android:name="com.google.firebase.provider.FirebaseInitProvider"
187-->[com.google.firebase:firebase-common:21.0.0] AndroidManifest.xml:24:13-77
188            android:authorities="com.example.localllmapp.firebaseinitprovider"
188-->[com.google.firebase:firebase-common:21.0.0] AndroidManifest.xml:25:13-72
189            android:directBootAware="true"
189-->[com.google.firebase:firebase-common:21.0.0] AndroidManifest.xml:26:13-43
190            android:exported="false"
190-->[com.google.firebase:firebase-common:21.0.0] AndroidManifest.xml:27:13-37
191            android:initOrder="100" />
191-->[com.google.firebase:firebase-common:21.0.0] AndroidManifest.xml:28:13-36
192        <provider
192-->[androidx.lifecycle:lifecycle-process:2.8.3] AndroidManifest.xml:24:9-32:20
193            android:name="androidx.startup.InitializationProvider"
193-->[androidx.lifecycle:lifecycle-process:2.8.3] AndroidManifest.xml:25:13-67
194            android:authorities="com.example.localllmapp.androidx-startup"
194-->[androidx.lifecycle:lifecycle-process:2.8.3] AndroidManifest.xml:26:13-68
195            android:exported="false" >
195-->[androidx.lifecycle:lifecycle-process:2.8.3] AndroidManifest.xml:27:13-37
196            <meta-data
196-->[androidx.lifecycle:lifecycle-process:2.8.3] AndroidManifest.xml:29:13-31:52
197                android:name="androidx.lifecycle.ProcessLifecycleInitializer"
197-->[androidx.lifecycle:lifecycle-process:2.8.3] AndroidManifest.xml:30:17-78
198                android:value="androidx.startup" />
198-->[androidx.lifecycle:lifecycle-process:2.8.3] AndroidManifest.xml:31:17-49
199            <meta-data
199-->[androidx.emoji2:emoji2:1.3.0] AndroidManifest.xml:29:13-31:52
200                android:name="androidx.emoji2.text.EmojiCompatInitializer"
200-->[androidx.emoji2:emoji2:1.3.0] AndroidManifest.xml:30:17-75
201                android:value="androidx.startup" />
201-->[androidx.emoji2:emoji2:1.3.0] AndroidManifest.xml:31:17-49
202            <meta-data
202-->[androidx.profileinstaller:profileinstaller:1.3.1] AndroidManifest.xml:29:13-31:52
203                android:name="androidx.profileinstaller.ProfileInstallerInitializer"
203-->[androidx.profileinstaller:profileinstaller:1.3.1] AndroidManifest.xml:30:17-85
204                android:value="androidx.startup" />
204-->[androidx.profileinstaller:profileinstaller:1.3.1] AndroidManifest.xml:31:17-49
205        </provider>
206
207        <uses-library
207-->[androidx.privacysandbox.ads:ads-adservices:1.1.0-beta11] AndroidManifest.xml:23:9-25:40
208            android:name="android.ext.adservices"
208-->[androidx.privacysandbox.ads:ads-adservices:1.1.0-beta11] AndroidManifest.xml:24:13-50
209            android:required="false" />
209-->[androidx.privacysandbox.ads:ads-adservices:1.1.0-beta11] AndroidManifest.xml:25:13-37
210
211        <meta-data
211-->[com.google.android.gms:play-services-basement:18.5.0] AndroidManifest.xml:21:9-23:69
212            android:name="com.google.android.gms.version"
212-->[com.google.android.gms:play-services-basement:18.5.0] AndroidManifest.xml:22:13-58
213            android:value="@integer/google_play_services_version" />
213-->[com.google.android.gms:play-services-basement:18.5.0] AndroidManifest.xml:23:13-66
214
215        <receiver
215-->[androidx.profileinstaller:profileinstaller:1.3.1] AndroidManifest.xml:34:9-52:20
216            android:name="androidx.profileinstaller.ProfileInstallReceiver"
216-->[androidx.profileinstaller:profileinstaller:1.3.1] AndroidManifest.xml:35:13-76
217            android:directBootAware="false"
217-->[androidx.profileinstaller:profileinstaller:1.3.1] AndroidManifest.xml:36:13-44
218            android:enabled="true"
218-->[androidx.profileinstaller:profileinstaller:1.3.1] AndroidManifest.xml:37:13-35
219            android:exported="true"
219-->[androidx.profileinstaller:profileinstaller:1.3.1] AndroidManifest.xml:38:13-36
220            android:permission="android.permission.DUMP" >
220-->[androidx.profileinstaller:profileinstaller:1.3.1] AndroidManifest.xml:39:13-57
221            <intent-filter>
221-->[androidx.profileinstaller:profileinstaller:1.3.1] AndroidManifest.xml:40:13-42:29
222                <action android:name="androidx.profileinstaller.action.INSTALL_PROFILE" />
222-->[androidx.profileinstaller:profileinstaller:1.3.1] AndroidManifest.xml:41:17-91
222-->[androidx.profileinstaller:profileinstaller:1.3.1] AndroidManifest.xml:41:25-88
223            </intent-filter>
224            <intent-filter>
224-->[androidx.profileinstaller:profileinstaller:1.3.1] AndroidManifest.xml:43:13-45:29
225                <action android:name="androidx.profileinstaller.action.SKIP_FILE" />
225-->[androidx.profileinstaller:profileinstaller:1.3.1] AndroidManifest.xml:44:17-85
225-->[androidx.profileinstaller:profileinstaller:1.3.1] AndroidManifest.xml:44:25-82
226            </intent-filter>
227            <intent-filter>
227-->[androidx.profileinstaller:profileinstaller:1.3.1] AndroidManifest.xml:46:13-48:29
228                <action android:name="androidx.profileinstaller.action.SAVE_PROFILE" />
228-->[androidx.profileinstaller:profileinstaller:1.3.1] AndroidManifest.xml:47:17-88
228-->[androidx.profileinstaller:profileinstaller:1.3.1] AndroidManifest.xml:47:25-85
229            </intent-filter>
230            <intent-filter>
230-->[androidx.profileinstaller:profileinstaller:1.3.1] AndroidManifest.xml:49:13-51:29
231                <action android:name="androidx.profileinstaller.action.BENCHMARK_OPERATION" />
231-->[androidx.profileinstaller:profileinstaller:1.3.1] AndroidManifest.xml:50:17-95
231-->[androidx.profileinstaller:profileinstaller:1.3.1] AndroidManifest.xml:50:25-92
232            </intent-filter>
233        </receiver> <!-- The activities will be merged into the manifest of the hosting app. -->
234        <activity
234-->[com.google.android.play:core-common:2.0.3] AndroidManifest.xml:14:9-18:65
235            android:name="com.google.android.play.core.common.PlayCoreDialogWrapperActivity"
235-->[com.google.android.play:core-common:2.0.3] AndroidManifest.xml:15:13-93
236            android:exported="false"
236-->[com.google.android.play:core-common:2.0.3] AndroidManifest.xml:16:13-37
237            android:stateNotNeeded="true"
237-->[com.google.android.play:core-common:2.0.3] AndroidManifest.xml:17:13-42
238            android:theme="@style/Theme.PlayCore.Transparent" />
238-->[com.google.android.play:core-common:2.0.3] AndroidManifest.xml:18:13-62
239    </application>
240
241</manifest>